{"D:\\Specs-Module\\portfolio-react\\src\\pages\\Contact.tsx": {"path":"D:\\Specs-Module\\portfolio-react\\src\\pages\\Contact.tsx","statementMap":{"0":{"start":{"line":11,"column":18},"end":{"line":11,"column":null}},"1":{"start":{"line":13,"column":26},"end":{"line":93,"column":null}},"2":{"start":{"line":14,"column":14},"end":{"line":14,"column":null}},"3":{"start":{"line":15,"column":19},"end":{"line":15,"column":null}},"4":{"start":{"line":16,"column":30},"end":{"line":16,"column":null}},"5":{"start":{"line":18,"column":21},"end":{"line":34,"column":null}},"6":{"start":{"line":19,"column":8},"end":{"line":19,"column":null}},"7":{"start":{"line":20,"column":8},"end":{"line":33,"column":null}},"8":{"start":{"line":21,"column":12},"end":{"line":21,"column":null}},"9":{"start":{"line":24,"column":12},"end":{"line":24,"column":null}},"10":{"start":{"line":27,"column":12},"end":{"line":27,"column":null}},"11":{"start":{"line":30,"column":12},"end":{"line":30,"column":null}},"12":{"start":{"line":32,"column":12},"end":{"line":32,"column":null}},"13":{"start":{"line":36,"column":4},"end":{"line":91,"column":null}}},"fnMap":{"0":{"name":"(anonymous_0)","decl":{"start":{"line":13,"column":26},"end":{"line":13,"column":32}},"loc":{"start":{"line":13,"column":32},"end":{"line":93,"column":null}},"line":13},"1":{"name":"(anonymous_1)","decl":{"start":{"line":18,"column":21},"end":{"line":18,"column":28}},"loc":{"start":{"line":18,"column":50},"end":{"line":34,"column":null}},"line":18}},"branchMap":{"0":{"loc":{"start":{"line":24,"column":28},"end":{"line":24,"column":104}},"type":"binary-expr","locations":[{"start":{"line":24,"column":28},"end":{"line":24,"column":60}},{"start":{"line":24,"column":60},"end":{"line":24,"column":104}}],"line":24},"1":{"loc":{"start":{"line":30,"column":26},"end":{"line":30,"column":98}},"type":"binary-expr","locations":[{"start":{"line":30,"column":26},"end":{"line":30,"column":56}},{"start":{"line":30,"column":56},"end":{"line":30,"column":98}}],"line":30},"2":{"loc":{"start":{"line":86,"column":29},"end":{"line":86,"column":null}},"type":"cond-expr","locations":[{"start":{"line":86,"column":39},"end":{"line":86,"column":62}},{"start":{"line":86,"column":62},"end":{"line":86,"column":null}}],"line":86}},"s":{"0":1,"1":1,"2":3,"3":3,"4":3,"5":3,"6":1,"7":1,"8":1,"9":1,"10":1,"11":0,"12":1,"13":3},"f":{"0":3,"1":1},"b":{"0":[1,0],"1":[0,0],"2":[0,3]},"meta":{"lastBranch":3,"lastFunction":2,"lastStatement":14,"seen":{"s:11:18:11:Infinity":0,"s:13:26:93:Infinity":1,"f:13:26:13:32":0,"s:14:14:14:Infinity":2,"s:15:19:15:Infinity":3,"s:16:30:16:Infinity":4,"s:18:21:34:Infinity":5,"f:18:21:18:28":1,"s:19:8:19:Infinity":6,"s:20:8:33:Infinity":7,"s:21:12:21:Infinity":8,"s:24:12:24:Infinity":9,"b:24:28:24:60:24:60:24:104":0,"s:27:12:27:Infinity":10,"s:30:12:30:Infinity":11,"b:30:26:30:56:30:56:30:98":1,"s:32:12:32:Infinity":12,"s:36:4:91:Infinity":13,"b:86:39:86:62:86:62:86:Infinity":2}}}
,"D:\\Specs-Module\\portfolio-react\\src\\services\\emailService.ts": {"path":"D:\\Specs-Module\\portfolio-react\\src\\services\\emailService.ts","statementMap":{"0":{"start":{"line":4,"column":19},"end":{"line":4,"column":null}},"1":{"start":{"line":5,"column":20},"end":{"line":5,"column":null}},"2":{"start":{"line":6,"column":19},"end":{"line":6,"column":null}},"3":{"start":{"line":8,"column":32},"end":{"line":24,"column":null}},"4":{"start":{"line":9,"column":2},"end":{"line":23,"column":null}},"5":{"start":{"line":10,"column":21},"end":{"line":18,"column":null}},"6":{"start":{"line":19,"column":4},"end":{"line":19,"column":null}},"7":{"start":{"line":21,"column":4},"end":{"line":21,"column":null}},"8":{"start":{"line":22,"column":4},"end":{"line":22,"column":null}}},"fnMap":{"0":{"name":"(anonymous_0)","decl":{"start":{"line":8,"column":32},"end":{"line":8,"column":39}},"loc":{"start":{"line":8,"column":53},"end":{"line":24,"column":null}},"line":8}},"branchMap":{},"s":{"0":2,"1":2,"2":2,"3":2,"4":1,"5":1,"6":1,"7":0,"8":0},"f":{"0":1},"b":{},"meta":{"lastBranch":0,"lastFunction":1,"lastStatement":9,"seen":{"s:4:19:4:Infinity":0,"s:5:20:5:Infinity":1,"s:6:19:6:Infinity":2,"s:8:32:24:Infinity":3,"f:8:32:8:39":0,"s:9:2:23:Infinity":4,"s:10:21:18:Infinity":5,"s:19:4:19:Infinity":6,"s:21:4:21:Infinity":7,"s:22:4:22:Infinity":8}}}
}
